<?xml version="1.0" encoding="UTF-8"?>
<testsuite xmlns:xsi="http://www.w3.org/2001/XMLSchema-instance" xsi:noNamespaceSchemaLocation="https://maven.apache.org/surefire/maven-surefire-plugin/xsd/surefire-test-report-3.0.xsd" version="3.0" name="ec.edu.epn.git.calculator.CalculatorParametersTest" time="0.029" tests="6" errors="0" skipped="0" failures="0">
  <properties>
    <property name="java.specification.version" value="21"/>
    <property name="sun.cpu.isalist" value="amd64"/>
    <property name="sun.jnu.encoding" value="Cp1252"/>
    <property name="java.class.path" value="D:\Users\joel.piuri\GR01_1BP3_622_24A\target\test-classes;D:\Users\joel.piuri\GR01_1BP3_622_24A\target\classes;C:\Users\joel.piuri\.m2\repository\junit\junit\4.10\junit-4.10.jar;C:\Users\joel.piuri\.m2\repository\org\hamcrest\hamcrest-core\1.1\hamcrest-core-1.1.jar;"/>
    <property name="java.vm.vendor" value="Amazon.com Inc."/>
    <property name="sun.arch.data.model" value="64"/>
    <property name="user.variant" value=""/>
    <property name="java.vendor.url" value="https://aws.amazon.com/corretto/"/>
    <property name="user.timezone" value="America/Guayaquil"/>
    <property name="os.name" value="Windows 11"/>
    <property name="java.vm.specification.version" value="21"/>
    <property name="sun.java.launcher" value="SUN_STANDARD"/>
    <property name="user.country" value="EC"/>
    <property name="sun.boot.library.path" value="C:\Users\joel.piuri\.jdks\corretto-21.0.5\bin"/>
    <property name="sun.java.command" value="C:\Users\joel.piuri\AppData\Local\Temp\surefire15109157394389495672\surefirebooter-20241025003136350_3.jar C:\Users\joel.piuri\AppData\Local\Temp\surefire15109157394389495672 2024-10-25T00-31-36_242-jvmRun1 surefire-20241025003136350_1tmp surefire_0-20241025003136350_2tmp"/>
    <property name="jdk.debug" value="release"/>
    <property name="surefire.test.class.path" value="D:\Users\joel.piuri\GR01_1BP3_622_24A\target\test-classes;D:\Users\joel.piuri\GR01_1BP3_622_24A\target\classes;C:\Users\joel.piuri\.m2\repository\junit\junit\4.10\junit-4.10.jar;C:\Users\joel.piuri\.m2\repository\org\hamcrest\hamcrest-core\1.1\hamcrest-core-1.1.jar;"/>
    <property name="sun.cpu.endian" value="little"/>
    <property name="user.home" value="C:\Users\joel.piuri"/>
    <property name="user.language" value="es"/>
    <property name="java.specification.vendor" value="Oracle Corporation"/>
    <property name="java.version.date" value="2024-10-15"/>
    <property name="java.home" value="C:\Users\joel.piuri\.jdks\corretto-21.0.5"/>
    <property name="file.separator" value="\"/>
    <property name="basedir" value="D:\Users\joel.piuri\GR01_1BP3_622_24A"/>
    <property name="java.vm.compressedOopsMode" value="Zero based"/>
    <property name="line.separator" value="&#10;"/>
    <property name="java.vm.specification.vendor" value="Oracle Corporation"/>
    <property name="java.specification.name" value="Java Platform API Specification"/>
    <property name="surefire.real.class.path" value="C:\Users\joel.piuri\AppData\Local\Temp\surefire15109157394389495672\surefirebooter-20241025003136350_3.jar"/>
    <property name="user.script" value=""/>
    <property name="sun.management.compiler" value="HotSpot 64-Bit Tiered Compilers"/>
    <property name="java.runtime.version" value="21.0.5+11-LTS"/>
    <property name="user.name" value="joel.piuri"/>
    <property name="stdout.encoding" value="Cp1252"/>
    <property name="path.separator" value=";"/>
    <property name="os.version" value="10.0"/>
    <property name="java.runtime.name" value="OpenJDK Runtime Environment"/>
    <property name="file.encoding" value="UTF-8"/>
    <property name="java.vm.name" value="OpenJDK 64-Bit Server VM"/>
    <property name="java.vendor.version" value="Corretto-21.0.5.11.1"/>
    <property name="localRepository" value="C:\Users\joel.piuri\.m2\repository"/>
    <property name="java.vendor.url.bug" value="https://github.com/corretto/corretto-21/issues/"/>
    <property name="java.io.tmpdir" value="C:\Users\JOEL~1.PIU\AppData\Local\Temp\"/>
    <property name="idea.version" value="2024.2.3"/>
    <property name="java.version" value="21.0.5"/>
    <property name="user.dir" value="D:\Users\joel.piuri\GR01_1BP3_622_24A"/>
    <property name="os.arch" value="amd64"/>
    <property name="java.vm.specification.name" value="Java Virtual Machine Specification"/>
    <property name="sun.os.patch.level" value=""/>
    <property name="native.encoding" value="Cp1252"/>
    <property name="java.library.path" value="C:\Users\joel.piuri\.jdks\corretto-21.0.5\bin;C:\WINDOWS\Sun\Java\bin;C:\WINDOWS\system32;C:\WINDOWS;C:\Program Files (x86)\Java\jdk-23.0.1\bin;D:\Program Files\java\jdk-23.0.1\bin;C:\Program Files (x86)\Common Files\Oracle\Java\java8path;C:\Program Files (x86)\Common Files\Oracle\Java\javapath;C:\Program Files (x86)\Razer\ChromaBroadcast\bin;C:\Program Files\Razer\ChromaBroadcast\bin;C:\Python312\Scripts\;C:\Python312\;C:\WINDOWS\system32;C:\WINDOWS;C:\WINDOWS\System32\Wbem;C:\WINDOWS\System32\WindowsPowerShell\v1.0\;C:\WINDOWS\System32\OpenSSH\;C:\Program Files\NVIDIA Corporation\NVIDIA NvDLISR;C:\Program Files (x86)\NVIDIA Corporation\PhysX\Common;D:\Program Files\nodejs\;C:\ProgramData\chocolatey\bin;C:\Program Files\Git\cmd;C:\Users\joel.piuri\AppData\Local\Microsoft\WindowsApps;D:\Users\joel.piuri\AppData\Local\Programs\Microsoft VS Code\bin;C:\Users\joel.piuri\AppData\Local\GitHubDesktop\bin;C:\Users\joel.piuri\AppData\Roaming\npm;D:\Program Files\JetBrains\PyCharm 2024.2.2\bin;C:\Program Files\Docker\Docker\resources\bin;C:\Users\joel.piuri\AppData\Local\Microsoft\WindowsApps;D:\Users\joel.piuri\AppData\Local\Programs\Microsoft VS Code\bin;C:\Users\joel.piuri\AppData\Local\GitHubDesktop\bin;C:\Users\joel.piuri\AppData\Roaming\npm;C:\Program Files\JetBrains\PyCharm 2024.2.4\bin;;D:\Program Files\java\jdk-23.0.1\bin;C:\Program Files (x86)\Java\jdk-23.0.1\bin;;."/>
    <property name="java.vm.info" value="mixed mode, sharing"/>
    <property name="stderr.encoding" value="Cp1252"/>
    <property name="java.vendor" value="Amazon.com Inc."/>
    <property name="java.vm.version" value="21.0.5+11-LTS"/>
    <property name="sun.io.unicode.encoding" value="UnicodeLittle"/>
    <property name="java.class.version" value="65.0"/>
  </properties>
  <testcase name="given_parameters_when_addition_then_summation[0]" classname="ec.edu.epn.git.calculator.CalculatorParametersTest" time="0.002"/>
  <testcase name="given_parameters_when_addition_then_summation[1]" classname="ec.edu.epn.git.calculator.CalculatorParametersTest" time="0.0"/>
  <testcase name="given_parameters_when_addition_then_summation[2]" classname="ec.edu.epn.git.calculator.CalculatorParametersTest" time="0.0"/>
  <testcase name="given_parameters_when_addition_then_summation[3]" classname="ec.edu.epn.git.calculator.CalculatorParametersTest" time="0.0"/>
  <testcase name="given_parameters_when_addition_then_summation[4]" classname="ec.edu.epn.git.calculator.CalculatorParametersTest" time="0.0"/>
  <testcase name="given_parameters_when_addition_then_summation[5]" classname="ec.edu.epn.git.calculator.CalculatorParametersTest" time="0.0"/>
</testsuite>